[debug] [2022-06-04T08:52:29.970Z] ----------------------------------------------------------------------
[debug] [2022-06-04T08:52:29.974Z] Command:       C:\Program Files\nodejs\node.exe C:\Users\nithi\AppData\Roaming\npm\node_modules\firebase-tools\lib\bin\firebase.js init
[debug] [2022-06-04T08:52:29.975Z] CLI Version:   11.0.1
[debug] [2022-06-04T08:52:29.976Z] Platform:      win32
[debug] [2022-06-04T08:52:29.976Z] Node Version:  v16.13.0
[debug] [2022-06-04T08:52:29.979Z] Time:          Sat Jun 04 2022 14:22:29 GMT+0530 (India Standard Time)
[debug] [2022-06-04T08:52:29.980Z] ----------------------------------------------------------------------
[debug] 
[debug] [2022-06-04T08:52:29.993Z] > command requires scopes: ["email","openid","https://www.googleapis.com/auth/cloudplatformprojects.readonly","https://www.googleapis.com/auth/firebase","https://www.googleapis.com/auth/cloud-platform"]
[debug] [2022-06-04T08:52:29.994Z] > authorizing via signed-in user (nithingajam919@gmail.com)
[info] 
     ######## #### ########  ######## ########     ###     ######  ########
     ##        ##  ##     ## ##       ##     ##  ##   ##  ##       ##
     ######    ##  ########  ######   ########  #########  ######  ######
     ##        ##  ##    ##  ##       ##     ## ##     ##       ## ##
     ##       #### ##     ## ######## ########  ##     ##  ######  ########

You're about to initialize a Firebase project in this directory:

  C:\Web_development\Student-E-resource

Before we get started, keep in mind:

  * You are currently outside your home directory

[info] 
=== Project Setup
[info] 
[info] First, let's associate this project directory with a Firebase project.
[info] You can create multiple project aliases by running firebase use --add, 
[info] but for now we'll just set up a default project.
[info] 
[debug] [2022-06-04T08:52:53.399Z] >>> [apiv2][query] GET https://firebase.googleapis.com/v1beta1/projects pageSize=100
[debug] [2022-06-04T08:52:54.388Z] <<< [apiv2][status] GET https://firebase.googleapis.com/v1beta1/projects 200
[debug] [2022-06-04T08:52:54.388Z] <<< [apiv2][body] GET https://firebase.googleapis.com/v1beta1/projects [omitted]
[debug] [2022-06-04T08:53:11.467Z] ----------------------------------------------------------------------
[debug] [2022-06-04T08:53:11.471Z] Command:       C:\Program Files\nodejs\node.exe C:\Users\nithi\AppData\Roaming\npm\node_modules\firebase-tools\lib\bin\firebase.js init
[debug] [2022-06-04T08:53:11.472Z] CLI Version:   11.0.1
[debug] [2022-06-04T08:53:11.473Z] Platform:      win32
[debug] [2022-06-04T08:53:11.473Z] Node Version:  v16.13.0
[debug] [2022-06-04T08:53:11.476Z] Time:          Sat Jun 04 2022 14:23:11 GMT+0530 (India Standard Time)
[debug] [2022-06-04T08:53:11.477Z] ----------------------------------------------------------------------
[debug] 
[debug] [2022-06-04T08:53:11.492Z] > command requires scopes: ["email","openid","https://www.googleapis.com/auth/cloudplatformprojects.readonly","https://www.googleapis.com/auth/firebase","https://www.googleapis.com/auth/cloud-platform"]
[debug] [2022-06-04T08:53:11.492Z] > authorizing via signed-in user (nithingajam919@gmail.com)
[info] 
     ######## #### ########  ######## ########     ###     ######  ########
     ##        ##  ##     ## ##       ##     ##  ##   ##  ##       ##
     ######    ##  ########  ######   ########  #########  ######  ######
     ##        ##  ##    ##  ##       ##     ## ##     ##       ## ##
     ##       #### ##     ## ######## ########  ##     ##  ######  ########

You're about to initialize a Firebase project in this directory:

  C:\Web_development\Student-E-resource

Before we get started, keep in mind:

  * You are currently outside your home directory

[info] 
=== Project Setup
[info] 
[info] First, let's associate this project directory with a Firebase project.
[info] You can create multiple project aliases by running firebase use --add, 
[info] but for now we'll just set up a default project.
[info] 
[info] i  If you want to create a project in a Google Cloud organization or folder, please use "firebase projects:create" instead, and return to this command when you've created the project. 
